<?xml version="1.0" encoding="UTF-8"?>
<!-- Generated by org.testng.reporters.JUnitReportReporter -->
<testsuite hostname="BLR-MURTHYV" name="com.github.venkateshamurthy.util.logging.TestCustomFormattingLog4jLoggerAdapter" tests="10" failures="0" timestamp="11 Mar 2016 18:52:15 GMT" time="0.425" errors="0">
  <testcase name="test2_Primitives" time="0.015" classname="com.github.venkateshamurthy.util.logging.TestCustomFormattingLog4jLoggerAdapter"/>
  <testcase name="testTrace" time="0.000" classname="com.github.venkateshamurthy.util.logging.TestCustomFormattingLog4jLoggerAdapter"/>
  <testcase name="testMarker" time="0.220" classname="com.github.venkateshamurthy.util.logging.TestCustomFormattingLog4jLoggerAdapter"/>
  <testcase name="testMDCContextMapValues" time="0.000" classname="com.github.venkateshamurthy.util.logging.TestCustomFormattingLog4jLoggerAdapter"/>
  <testcase name="testEscapes" time="0.016" classname="com.github.venkateshamurthy.util.logging.TestCustomFormattingLog4jLoggerAdapter"/>
  <testcase name="test2" time="0.032" classname="com.github.venkateshamurthy.util.logging.TestCustomFormattingLog4jLoggerAdapter"/>
  <testcase name="testMDC" time="0.016" classname="com.github.venkateshamurthy.util.logging.TestCustomFormattingLog4jLoggerAdapter"/>
  <testcase name="testNullParameter" time="0.000" classname="com.github.venkateshamurthy.util.logging.TestCustomFormattingLog4jLoggerAdapter"/>
  <testcase name="test1" time="0.126" classname="com.github.venkateshamurthy.util.logging.TestCustomFormattingLog4jLoggerAdapter"/>
  <testcase name="testNull" time="0.000" classname="com.github.venkateshamurthy.util.logging.TestCustomFormattingLog4jLoggerAdapter"/>
</testsuite> <!-- com.github.venkateshamurthy.util.logging.TestCustomFormattingLog4jLoggerAdapter -->
