<?xml version="1.0" encoding="UTF-8"?>
<!-- Generated by org.testng.reporters.JUnitReportReporter -->
<testsuite hostname="BLR-MURTHYV" name="com.github.venkateshamurthy.util.tostring.examples.TestLoggingLevelledToString" tests="1" failures="0" timestamp="12 Mar 2016 21:16:25 GMT" time="0.288" errors="0">
  <testcase name="testManager" time="0.288" classname="com.github.venkateshamurthy.util.tostring.examples.TestLoggingLevelledToString"/>
</testsuite> <!-- com.github.venkateshamurthy.util.tostring.examples.TestLoggingLevelledToString -->
