<?xml version="1.0" encoding="UTF-8"?>
<!-- Generated by org.testng.reporters.JUnitReportReporter -->
<testsuite hostname="BLR-MURTHYV" name="com.github.venkateshamurthy.util.tostring.examples.TestLoggingLevelledToString" tests="1" failures="0" timestamp="14 Mar 2016 04:35:22 GMT" time="0.368" errors="0">
  <testcase name="testManager" time="0.368" classname="com.github.venkateshamurthy.util.tostring.examples.TestLoggingLevelledToString"/>
</testsuite> <!-- com.github.venkateshamurthy.util.tostring.examples.TestLoggingLevelledToString -->
