<?xml version="1.0" encoding="UTF-8"?>
<!-- Generated by org.testng.reporters.JUnitReportReporter -->
<testsuite hostname="BLR-MURTHYV" name="com.github.venkateshamurthy.util.tostring.TestToLevelledString" tests="1" failures="0" timestamp="13 Mar 2016 07:57:00 GMT" time="4.953" errors="0">
  <testcase name="testToLevelledString" time="4.953" classname="com.github.venkateshamurthy.util.tostring.TestToLevelledString"/>
</testsuite> <!-- com.github.venkateshamurthy.util.tostring.TestToLevelledString -->
